Removed Pin From Net: NetName=LED1 Pin=L1-2
Removed Pin From Net: NetName=LED2 Pin=L2-2
Removed Pin From Net: NetName=LED16 Pin=L3-2
Removed Pin From Net: NetName=LED17 Pin=L4-2
Removed Pin From Net: NetName=LED18 Pin=L5-2
Removed Pin From Net: NetName=LED3 Pin=L6-2
Removed Pin From Net: NetName=LED19 Pin=L7-2
Removed Pin From Net: NetName=LED4 Pin=L8-2
Removed Pin From Net: NetName=LED20 Pin=L9-2
Removed Pin From Net: NetName=LED5 Pin=L10-2
Removed Pin From Net: NetName=LED21 Pin=L11-2
Removed Pin From Net: NetName=LED6 Pin=L12-2
Removed Pin From Net: NetName=LED22 Pin=L13-2
Removed Pin From Net: NetName=LED7 Pin=L14-2
Removed Pin From Net: NetName=LED23 Pin=L15-2
Removed Pin From Net: NetName=LED8 Pin=L16-2
Removed Pin From Net: NetName=LED24 Pin=L17-2
Removed Pin From Net: NetName=LED9 Pin=L18-2
Removed Pin From Net: NetName=LED25 Pin=L19-2
Removed Pin From Net: NetName=LED10 Pin=L20-2
Removed Pin From Net: NetName=LED26 Pin=L21-2
Removed Pin From Net: NetName=LED11 Pin=L22-2
Removed Pin From Net: NetName=LED27 Pin=L23-2
Removed Pin From Net: NetName=LED12 Pin=L24-2
Removed Pin From Net: NetName=LED28 Pin=L25-2
Removed Pin From Net: NetName=LED13 Pin=L26-2
Removed Pin From Net: NetName=LED29 Pin=L27-2
Removed Pin From Net: NetName=LED14 Pin=L28-2
Removed Pin From Net: NetName=LED30 Pin=L29-2
Removed Pin From Net: NetName=LED15 Pin=L30-2
Removed Pin From Net: NetName=VCC Pin=R2-1
Removed Pin From Net: NetName=VCC Pin=R4-1
Removed Pin From Net: NetName=VCC Pin=R5-1
Removed Pin From Net: NetName=VCC Pin=R6-1
Removed Pin From Net: NetName=VCC Pin=R8-1
Removed Pin From Net: NetName=VCC Pin=R9-1
Removed Pin From Net: NetName=VCC Pin=R10-1
Removed Pin From Net: NetName=VCC Pin=R11-1
Removed Pin From Net: NetName=VCC Pin=R12-1
Removed Pin From Net: NetName=VCC Pin=R13-1
Removed Pin From Net: NetName=VCC Pin=R14-1
Removed Pin From Net: NetName=VCC Pin=R15-1
Removed Pin From Net: NetName=VCC Pin=R16-1
Removed Pin From Net: NetName=VCC Pin=R17-1
Removed Pin From Net: NetName=VCC Pin=R18-1
Removed Pin From Net: NetName=VCC Pin=R19-1
Removed Pin From Net: NetName=VCC Pin=R20-1
Removed Pin From Net: NetName=VCC Pin=R21-1
Removed Pin From Net: NetName=VCC Pin=R22-1
Removed Pin From Net: NetName=VCC Pin=R23-1
Removed Pin From Net: NetName=VCC Pin=R24-1
Removed Pin From Net: NetName=VCC Pin=R25-1
Removed Pin From Net: NetName=VCC Pin=R26-1
Removed Pin From Net: NetName=VCC Pin=R27-1
Removed Pin From Net: NetName=VCC Pin=R28-1
Removed Pin From Net: NetName=VCC Pin=R29-1
Removed Pin From Net: NetName=VCC Pin=R30-1
Removed Pin From Net: NetName=VCC Pin=R31-1
Removed Pin From Net: NetName=VCC Pin=R32-1
Removed Pin From Net: NetName=VCC Pin=R33-1
Added Component: Designator=L25(LED-0805-Red)
Add component (AddParameter): Name = "Chung_Loai"; Value = "Dán"; VariantName = "[No Variations]"
Add component (AddParameter): Name = "Don_Vi"; Value = "Con"; VariantName = "[No Variations]"
Add component (AddParameter): Name = "Ghi_Chu"; Value = ""; VariantName = "[No Variations]"
Add component (AddParameter): Name = "Kieu_Chan"; Value = ""; VariantName = "[No Variations]"
Add component (AddParameter): Name = "Ma_Hang"; Value = "MH000897"; VariantName = "[No Variations]"
Add component (AddParameter): Name = "Ten_Linh_Kien"; Value = "LED 0805 Màu Ð? (Red)"; VariantName = "[No Variations]"
Added Pin To Net: NetName=VCC Pin=L1-1
Added Pin To Net: NetName=VCC Pin=L2-1
Added Pin To Net: NetName=VCC Pin=L3-1
Added Pin To Net: NetName=VCC Pin=L4-1
Added Pin To Net: NetName=VCC Pin=L5-1
Added Pin To Net: NetName=VCC Pin=L6-1
Added Pin To Net: NetName=VCC Pin=L7-1
Added Pin To Net: NetName=VCC Pin=L8-1
Added Pin To Net: NetName=VCC Pin=L9-1
Added Pin To Net: NetName=VCC Pin=L10-1
Added Pin To Net: NetName=VCC Pin=L11-1
Added Pin To Net: NetName=VCC Pin=L12-1
Added Pin To Net: NetName=VCC Pin=L13-1
Added Pin To Net: NetName=VCC Pin=L14-1
Added Pin To Net: NetName=VCC Pin=L15-1
Added Pin To Net: NetName=VCC Pin=L16-1
Added Pin To Net: NetName=VCC Pin=L17-1
Added Pin To Net: NetName=VCC Pin=L18-1
Added Pin To Net: NetName=VCC Pin=L19-1
Added Pin To Net: NetName=VCC Pin=L20-1
Added Pin To Net: NetName=VCC Pin=L21-1
Added Pin To Net: NetName=VCC Pin=L22-1
Added Pin To Net: NetName=VCC Pin=L23-1
Added Pin To Net: NetName=VCC Pin=L24-1
Added Pin To Net: NetName=VCC Pin=L25-1
Added Pin To Net: NetName=VCC Pin=L26-1
Added Pin To Net: NetName=VCC Pin=L27-1
Added Pin To Net: NetName=VCC Pin=L28-1
Added Pin To Net: NetName=VCC Pin=L29-1
Added Pin To Net: NetName=VCC Pin=L30-1
Added Pin To Net: NetName=LED1 Pin=R2-2
Added Pin To Net: NetName=LED3 Pin=R4-2
Added Pin To Net: NetName=LED2 Pin=R5-2
Added Pin To Net: NetName=LED4 Pin=R6-2
Added Pin To Net: NetName=LED6 Pin=R8-2
Added Pin To Net: NetName=LED5 Pin=R9-2
Added Pin To Net: NetName=LED8 Pin=R10-2
Added Pin To Net: NetName=LED7 Pin=R11-2
Added Pin To Net: NetName=LED10 Pin=R12-2
Added Pin To Net: NetName=LED9 Pin=R13-2
Added Pin To Net: NetName=LED12 Pin=R14-2
Added Pin To Net: NetName=LED11 Pin=R15-2
Added Pin To Net: NetName=LED14 Pin=R16-2
Added Pin To Net: NetName=LED13 Pin=R17-2
Added Pin To Net: NetName=LED16 Pin=R18-2
Added Pin To Net: NetName=LED15 Pin=R19-2
Added Pin To Net: NetName=LED17 Pin=R21-2
Added Pin To Net: NetName=LED20 Pin=R22-2
Added Pin To Net: NetName=LED19 Pin=R23-2
Added Pin To Net: NetName=LED22 Pin=R24-2
Added Pin To Net: NetName=LED21 Pin=R25-2
Added Pin To Net: NetName=LED24 Pin=R26-2
Added Pin To Net: NetName=LED23 Pin=R27-2
Added Pin To Net: NetName=LED26 Pin=R28-2
Added Pin To Net: NetName=LED25 Pin=R29-2
Added Pin To Net: NetName=LED28 Pin=R30-2
Added Pin To Net: NetName=LED27 Pin=R31-2
Added Pin To Net: NetName=LED30 Pin=R32-2
Added Pin To Net: NetName=LED29 Pin=R33-2
Change Net Name : Old Net Name=+5 New Net Name=+5V
Change Net Name : Old Net Name=VCC New Net Name=+3.3V
Added Pin To Net: NetName=NetL1_2 Pin=L1-2
Added Pin To Net: NetName=NetL1_2 Pin=R2-1
Added Net: Name=NetL1_2
Added Pin To Net: NetName=NetL2_2 Pin=L2-2
Added Pin To Net: NetName=NetL2_2 Pin=R5-1
Added Net: Name=NetL2_2
Added Pin To Net: NetName=NetL3_2 Pin=L3-2
Added Pin To Net: NetName=NetL3_2 Pin=R4-1
Added Net: Name=NetL3_2
Added Pin To Net: NetName=NetL4_2 Pin=L4-2
Added Pin To Net: NetName=NetL4_2 Pin=R6-1
Added Net: Name=NetL4_2
Added Pin To Net: NetName=NetL5_2 Pin=L5-2
Added Pin To Net: NetName=NetL5_2 Pin=R9-1
Added Net: Name=NetL5_2
Added Pin To Net: NetName=NetL6_2 Pin=L6-2
Added Pin To Net: NetName=NetL6_2 Pin=R8-1
Added Net: Name=NetL6_2
Added Pin To Net: NetName=NetL7_2 Pin=L7-2
Added Pin To Net: NetName=NetL7_2 Pin=R11-1
Added Net: Name=NetL7_2
Added Pin To Net: NetName=NetL8_2 Pin=L8-2
Added Pin To Net: NetName=NetL8_2 Pin=R10-1
Added Net: Name=NetL8_2
Added Pin To Net: NetName=NetL9_2 Pin=L9-2
Added Pin To Net: NetName=NetL9_2 Pin=R13-1
Added Net: Name=NetL9_2
Added Pin To Net: NetName=NetL10_2 Pin=L10-2
Added Pin To Net: NetName=NetL10_2 Pin=R12-1
Added Net: Name=NetL10_2
Added Pin To Net: NetName=NetL11_2 Pin=L11-2
Added Pin To Net: NetName=NetL11_2 Pin=R15-1
Added Net: Name=NetL11_2
Added Pin To Net: NetName=NetL12_2 Pin=L12-2
Added Pin To Net: NetName=NetL12_2 Pin=R14-1
Added Net: Name=NetL12_2
Added Pin To Net: NetName=NetL13_2 Pin=L13-2
Added Pin To Net: NetName=NetL13_2 Pin=R17-1
Added Net: Name=NetL13_2
Added Pin To Net: NetName=NetL14_2 Pin=L14-2
Added Pin To Net: NetName=NetL14_2 Pin=R16-1
Added Net: Name=NetL14_2
Added Pin To Net: NetName=NetL15_2 Pin=L15-2
Added Pin To Net: NetName=NetL15_2 Pin=R19-1
Added Net: Name=NetL15_2
Added Pin To Net: NetName=NetL16_2 Pin=L16-2
Added Pin To Net: NetName=NetL16_2 Pin=R18-1
Added Net: Name=NetL16_2
Added Pin To Net: NetName=NetL17_2 Pin=L17-2
Added Pin To Net: NetName=NetL17_2 Pin=R21-1
Added Net: Name=NetL17_2
Added Pin To Net: NetName=NetL18_2 Pin=L18-2
Added Pin To Net: NetName=NetL18_2 Pin=R20-1
Added Net: Name=NetL18_2
Added Pin To Net: NetName=NetL19_2 Pin=L19-2
Added Pin To Net: NetName=NetL19_2 Pin=R23-1
Added Net: Name=NetL19_2
Added Pin To Net: NetName=NetL20_2 Pin=L20-2
Added Pin To Net: NetName=NetL20_2 Pin=R22-1
Added Net: Name=NetL20_2
Added Pin To Net: NetName=NetL21_2 Pin=L21-2
Added Pin To Net: NetName=NetL21_2 Pin=R25-1
Added Net: Name=NetL21_2
Added Pin To Net: NetName=NetL22_2 Pin=L22-2
Added Pin To Net: NetName=NetL22_2 Pin=R24-1
Added Net: Name=NetL22_2
Added Pin To Net: NetName=NetL23_2 Pin=L23-2
Added Pin To Net: NetName=NetL23_2 Pin=R27-1
Added Net: Name=NetL23_2
Added Pin To Net: NetName=NetL24_2 Pin=L24-2
Added Pin To Net: NetName=NetL24_2 Pin=R26-1
Added Net: Name=NetL24_2
Added Pin To Net: NetName=NetL25_2 Pin=L25-2
Added Pin To Net: NetName=NetL25_2 Pin=R29-1
Added Net: Name=NetL25_2
Added Pin To Net: NetName=NetL26_2 Pin=L26-2
Added Pin To Net: NetName=NetL26_2 Pin=R28-1
Added Net: Name=NetL26_2
Added Pin To Net: NetName=NetL27_2 Pin=L27-2
Added Pin To Net: NetName=NetL27_2 Pin=R31-1
Added Net: Name=NetL27_2
Added Pin To Net: NetName=NetL28_2 Pin=L28-2
Added Pin To Net: NetName=NetL28_2 Pin=R30-1
Added Net: Name=NetL28_2
Added Pin To Net: NetName=NetL29_2 Pin=L29-2
Added Pin To Net: NetName=NetL29_2 Pin=R33-1
Added Net: Name=NetL29_2
Added Pin To Net: NetName=NetL30_2 Pin=L30-2
Added Pin To Net: NetName=NetL30_2 Pin=R32-1
Added Net: Name=NetL30_2
Added Member To Class: ClassName=Sheet1 Member=Component L25 LED 0805
Added Room: Name=Sheet1
