Removed Pin From Net: NetName=VCC Pin=H2-1
Removed Pin From Net: NetName=MASS Pin=H2-2
Removed Pin From Net: NetName=MASS Pin=H4-2
Removed Pin From Net: NetName=GND Pin=Q3-1
Removed Pin From Net: NetName=NetD3_1 Pin=Q3-2
Change Component Footprint: Designator=H1 Old Footprint=Header 2P DC 2.54 New Footprint=XH2.54M-2
Change Component Footprint: Designator=Q3 Old Footprint=TO92 New Footprint=SOT-23
Change Component Comment : Designator=Q3 Old Comment=C1815 New Comment=HF
Change Component Comment : Designator=H1 Old Comment=Header 2P 2.54 Duc Cong New Comment=Header 2P 2.54 Duc Thang
Change component parameters: Designator = "H1" ("H1"); Footprint = "Header 2P DC 2.54"; UniqueID = "\BHBUWKTN" ("\BHBUWKTN")
Change component parameters (AddParameter): Name = "Chung_Loai"; Value = "C?m"; VariantName = "[No Variations]"
Change component parameters (AddParameter): Name = "Don_Vi"; Value = "Con"; VariantName = "[No Variations]"
Change component parameters (AddParameter): Name = "Ghi_Chu"; Value = ""; VariantName = "[No Variations]"
Change component parameters (AddParameter): Name = "Kieu_Chan"; Value = ""; VariantName = "[No Variations]"
Change component parameters (AddParameter): Name = "Ma_Hang"; Value = "MH001283"; VariantName = "[No Variations]"
Change component parameters (AddParameter): Name = "Ten_Linh_Kien"; Value = "Header 2P XH2.54-2P Ð?c Th?ng"; VariantName = "[No Variations]"
Added Component: Designator=H5(Header 2P DC 2.54)
Add component (AddParameter): Name = "Chung_Loai"; Value = "C?m"; VariantName = "[No Variations]"
Add component (AddParameter): Name = "Don_Vi"; Value = "Con"; VariantName = "[No Variations]"
Add component (AddParameter): Name = "Ghi_Chu"; Value = ""; VariantName = "[No Variations]"
Add component (AddParameter): Name = "Kieu_Chan"; Value = ""; VariantName = "[No Variations]"
Add component (AddParameter): Name = "Ma_Hang"; Value = "MH002852"; VariantName = "[No Variations]"
Add component (AddParameter): Name = "Ten_Linh_Kien"; Value = "Header 2P XH2.54-2P Ð?c Cong"; VariantName = "[No Variations]"
Added Component: Designator=H6(Header 2P DC 2.54)
Add component (AddParameter): Name = "Chung_Loai"; Value = "C?m"; VariantName = "[No Variations]"
Add component (AddParameter): Name = "Don_Vi"; Value = "Con"; VariantName = "[No Variations]"
Add component (AddParameter): Name = "Ghi_Chu"; Value = ""; VariantName = "[No Variations]"
Add component (AddParameter): Name = "Kieu_Chan"; Value = ""; VariantName = "[No Variations]"
Add component (AddParameter): Name = "Ma_Hang"; Value = "MH002852"; VariantName = "[No Variations]"
Add component (AddParameter): Name = "Ten_Linh_Kien"; Value = "Header 2P XH2.54-2P Ð?c Cong"; VariantName = "[No Variations]"
Added Component: Designator=H7(XH2.54M-2)
Add component (AddParameter): Name = "Chung_Loai"; Value = "C?m"; VariantName = "[No Variations]"
Add component (AddParameter): Name = "Don_Vi"; Value = "Con"; VariantName = "[No Variations]"
Add component (AddParameter): Name = "Ghi_Chu"; Value = ""; VariantName = "[No Variations]"
Add component (AddParameter): Name = "Kieu_Chan"; Value = ""; VariantName = "[No Variations]"
Add component (AddParameter): Name = "Ma_Hang"; Value = "MH001283"; VariantName = "[No Variations]"
Add component (AddParameter): Name = "Ten_Linh_Kien"; Value = "Header 2P XH2.54-2P Ð?c Th?ng"; VariantName = "[No Variations]"
Added Component: Designator=H8(XH2.54M-2)
Add component (AddParameter): Name = "Chung_Loai"; Value = "C?m"; VariantName = "[No Variations]"
Add component (AddParameter): Name = "Don_Vi"; Value = "Con"; VariantName = "[No Variations]"
Add component (AddParameter): Name = "Ghi_Chu"; Value = ""; VariantName = "[No Variations]"
Add component (AddParameter): Name = "Kieu_Chan"; Value = ""; VariantName = "[No Variations]"
Add component (AddParameter): Name = "Ma_Hang"; Value = "MH001283"; VariantName = "[No Variations]"
Add component (AddParameter): Name = "Ten_Linh_Kien"; Value = "Header 2P XH2.54-2P Ð?c Th?ng"; VariantName = "[No Variations]"
Added Pin To Net: NetName=VCC Pin=H7-1
Added Pin To Net: NetName=MASS Pin=H7-2
Added Pin To Net: NetName=MASS Pin=H8-2
Added Pin To Net: NetName=GND Pin=Q3-2
Added Pin To Net: NetName=NetD3_1 Pin=Q3-3
Added Pin To Net: NetName=NetH2_2 Pin=H2-2
Added Pin To Net: NetName=NetH2_2 Pin=H4-1
Added Net: Name=NetH2_2
Added Pin To Net: NetName=NetH5_1 Pin=H5-1
Added Pin To Net: NetName=NetH5_1 Pin=H6-1
Added Net: Name=NetH5_1
Added Pin To Net: NetName=NetH5_2 Pin=H5-2
Added Pin To Net: NetName=NetH5_2 Pin=H6-2
Added Net: Name=NetH5_2
Added Pin To Net: NetName=NetH8_1 Pin=H8-1
Added Pin To Net: NetName=NetH8_1 Pin=RL2-3
Added Net: Name=NetH8_1
Added Pin To Net: NetName=NetQ3_1 Pin=Q3-1
Added Pin To Net: NetName=NetQ3_1 Pin=R11-2
Added Net: Name=NetQ3_1
Added Member To Class: ClassName=Sheet7 Member=Component H5 Header 2P 2.54 Duc Cong
Added Member To Class: ClassName=Sheet7 Member=Component H6 Header 2P 2.54 Duc Cong
Added Member To Class: ClassName=Sheet7 Member=Component H7 Header 2P 2.54 Duc Thang
Added Member To Class: ClassName=Sheet7 Member=Component H8 Header 2P 2.54 Duc Thang
Added Room: Name=Sheet7
