Removed Pin From Net: NetName=+3.3 Pin=R1-1
Removed Pin From Net: NetName=Reset Pin=R1-2
Removed Pin From Net: NetName=+3.3 Pin=R2-1
Removed Pin From Net: NetName=Boot Pin=R2-2
Removed Pin From Net: NetName=+3.3 Pin=R3-1
Removed Pin From Net: NetName=EN Pin=R3-2
Removed Pin From Net: NetName=+3.3 Pin=R5-1
Removed Pin From Net: NetName=Button1 Pin=R5-2
Removed Pin From Net: NetName=+3.3 Pin=R6-1
Removed Pin From Net: NetName=Button2 Pin=R6-2
Removed Pin From Net: NetName=NetL1_2 Pin=R9-1
Removed Pin From Net: NetName=GND Pin=R9-2
Change Component Footprint: Designator=R1 Old Footprint=tro vach 1/2w New Footprint=R1/4W
Change Component Footprint: Designator=R2 Old Footprint=tro vach 1/2w New Footprint=R1/4W
Change Component Footprint: Designator=R3 Old Footprint=tro vach 1/2w New Footprint=R1/4W
Change Component Footprint: Designator=R4 Old Footprint=tro vach 1/2w New Footprint=R1/4W
Change Component Footprint: Designator=R5 Old Footprint=tro vach 1/2w New Footprint=R1/4W
Change Component Footprint: Designator=R6 Old Footprint=tro vach 1/2w New Footprint=R1/4W
Change Component Footprint: Designator=R9 Old Footprint=tro vach 1/2w New Footprint=R1/4W
Change component parameters: Designator = "R1" ("R1"); Footprint = "tro vach 1/2w"; UniqueID = "\BIOQKVOI" ("\BIOQKVOI")
Change component parameters (AddParameter): Name = "Value"; Value = "R1/4W - 1K"; VariantName = "[No Variations]"
Change component parameters: Designator = "R2" ("R2"); Footprint = "tro vach 1/2w"; UniqueID = "\FLVJCDEI" ("\FLVJCDEI")
Change component parameters (AddParameter): Name = "Value"; Value = "R1/4W - 1K"; VariantName = "[No Variations]"
Change component parameters: Designator = "R3" ("R3"); Footprint = "tro vach 1/2w"; UniqueID = "\KVYCLNBX" ("\KVYCLNBX")
Change component parameters (AddParameter): Name = "Value"; Value = "R1/4W - 1K"; VariantName = "[No Variations]"
Change component parameters: Designator = "R4" ("R4"); Footprint = "tro vach 1/2w"; UniqueID = "\GDPGWLRA" ("\GDPGWLRA")
Change component parameters (AddParameter): Name = "Value"; Value = "R1/4W - 1K"; VariantName = "[No Variations]"
Change component parameters: Designator = "R5" ("R5"); Footprint = "tro vach 1/2w"; UniqueID = "\GFEOKAHS" ("\GFEOKAHS")
Change component parameters (AddParameter): Name = "Value"; Value = "R1/4W - 1K"; VariantName = "[No Variations]"
Change component parameters: Designator = "R6" ("R6"); Footprint = "tro vach 1/2w"; UniqueID = "\VYXQQVFK" ("\VYXQQVFK")
Change component parameters (AddParameter): Name = "Value"; Value = "R1/4W - 1K"; VariantName = "[No Variations]"
Change component parameters: Designator = "R9" ("R9"); Footprint = "tro vach 1/2w"; UniqueID = "\VSDBOMUS" ("\VSDBOMUS")
Change component parameters (AddParameter): Name = "Value"; Value = "R1/4W - 1K"; VariantName = "[No Variations]"
Added Pin To Net: NetName=Reset Pin=R1-1
Added Pin To Net: NetName=+3.3 Pin=R1-2
Added Pin To Net: NetName=Boot Pin=R2-1
Added Pin To Net: NetName=+3.3 Pin=R2-2
Added Pin To Net: NetName=EN Pin=R3-1
Added Pin To Net: NetName=+3.3 Pin=R3-2
Added Pin To Net: NetName=Button1 Pin=R5-1
Added Pin To Net: NetName=+3.3 Pin=R5-2
Added Pin To Net: NetName=Button2 Pin=R6-1
Added Pin To Net: NetName=+3.3 Pin=R6-2
Added Pin To Net: NetName=GND Pin=R9-1
Added Pin To Net: NetName=NetL1_2 Pin=R9-2
Added Room: Name=Sheet7
